

*******************************************************************************
Mon Dec 19 11:40:27 2022


FIT:    data read from "data.csv"
        format = z
        x range restricted to [1.00000 : *]
        #datapoints = 63
        residuals are weighted equally (unit weight)

function used for fitting: f(x)
	f(x) = a*sinh(b*(x-32))
fitted parameters initialized with current variable values

iter      chisq       delta/lim  lambda   a             b            
   0 4.8795541816e+26   0.00e+00  6.17e+13    1.000000e+00   1.000000e+00
  10 8.2448033085e-02  -7.90e-06  6.17e+03   -2.455336e-12   8.628781e-01

After 10 iterations the fit converged.
final sum of squares of residuals : 0.082448
rel. change during last iteration : -7.90014e-11

degrees of freedom    (FIT_NDF)                        : 61
rms of residuals      (FIT_STDFIT) = sqrt(WSSR/ndf)    : 0.0367642
variance of residuals (reduced chisquare) = WSSR/ndf   : 0.00135161

Final set of parameters            Asymptotic Standard Error
=======================            ==========================
a               = -2.45534e-12     +/- 6.742e-12    (274.6%)
b               = 0.862878         +/- 0.08801      (10.2%)

correlation matrix of the fit parameters:
                a      b      
a               1.000 
b               1.000  1.000 


*******************************************************************************
Mon Dec 19 11:40:28 2022


FIT:    data read from "data.csv"
        format = z
        x range restricted to [1.00000 : *]
        #datapoints = 63
        residuals are weighted equally (unit weight)

function used for fitting: f(x)
	f(x) = a*sinh(b*(x-32))
fitted parameters initialized with current variable values

iter      chisq       delta/lim  lambda   a             b            
   0 8.2448033085e-02   0.00e+00  1.90e+00   -2.455336e-12   8.628781e-01
 762 2.2202741956e-13  -3.04e-02  1.90e-14   -3.090442e-06   4.054649e-01

After 762 iterations the fit converged.
final sum of squares of residuals : 2.22027e-13
rel. change during last iteration : -3.04269e-07

degrees of freedom    (FIT_NDF)                        : 61
rms of residuals      (FIT_STDFIT) = sqrt(WSSR/ndf)    : 6.03307e-08
variance of residuals (reduced chisquare) = WSSR/ndf   : 3.63979e-15

Final set of parameters            Asymptotic Standard Error
=======================            ==========================
a               = -3.09044e-06     +/- 5.538e-12    (0.0001792%)
b               = 0.405465         +/- 5.892e-08    (1.453e-05%)

correlation matrix of the fit parameters:
                a      b      
a               1.000 
b               0.999  1.000 


*******************************************************************************
Mon Dec 19 11:40:29 2022


FIT:    data read from "data.csv"
        format = z
        x range restricted to [1.00000 : *]
        #datapoints = 63
        residuals are weighted equally (unit weight)

function used for fitting: f(x)
	f(x) = a*sinh(b*(x-32))
fitted parameters initialized with current variable values

iter      chisq       delta/lim  lambda   a             b            
   0 2.2202741956e-13   0.00e+00  9.29e-01   -3.090442e-06   4.054649e-01
   1 2.2202741954e-13  -9.39e-06  9.29e-02   -3.090442e-06   4.054649e-01

After 1 iterations the fit converged.
final sum of squares of residuals : 2.22027e-13
rel. change during last iteration : -9.38882e-11

degrees of freedom    (FIT_NDF)                        : 61
rms of residuals      (FIT_STDFIT) = sqrt(WSSR/ndf)    : 6.03307e-08
variance of residuals (reduced chisquare) = WSSR/ndf   : 3.63979e-15

Final set of parameters            Asymptotic Standard Error
=======================            ==========================
a               = -3.09044e-06     +/- 5.538e-12    (0.0001792%)
b               = 0.405465         +/- 5.892e-08    (1.453e-05%)

correlation matrix of the fit parameters:
                a      b      
a               1.000 
b               0.999  1.000 


*******************************************************************************
Mon Dec 19 11:46:46 2022


FIT:    data read from "data.csv"
        format = z
        x range restricted to [1.00000 : *]
        #datapoints = 63
        residuals are weighted equally (unit weight)

function used for fitting: f(x)
	f(x) = a*sinh(b*(x-32))
fitted parameters initialized with current variable values

iter      chisq       delta/lim  lambda   a             b            
   0 2.1111053391e-01   0.00e+00  9.29e-01   -3.090442e-06   4.054649e-01
 375 5.0844115070e-17  -5.17e-04  9.29e-10   -2.328306e-10   6.931472e-01

After 375 iterations the fit converged.
final sum of squares of residuals : 5.08441e-17
rel. change during last iteration : -5.17096e-09

degrees of freedom    (FIT_NDF)                        : 61
rms of residuals      (FIT_STDFIT) = sqrt(WSSR/ndf)    : 9.12968e-10
variance of residuals (reduced chisquare) = WSSR/ndf   : 8.3351e-19

Final set of parameters            Asymptotic Standard Error
=======================            ==========================
a               = -2.32831e-10     +/- 2.372e-17    (1.019e-05%)
b               = 0.693147         +/- 3.286e-09    (4.74e-07%)

correlation matrix of the fit parameters:
                a      b      
a               1.000 
b               1.000  1.000 
